# JRE version: OpenJDK Runtime Environment OpenLogic-OpenJDK (17.0.12+7) (build 17.0.12+7-adhoc..jdk17u)
# Java VM: OpenJDK 64-Bit Server VM OpenLogic-OpenJDK (17.0.12+7-adhoc..jdk17u, mixed mode, sharing, tiered, compressed oops, compressed class ptrs, g1 gc, windows-amd64)
GC Precious Log:
 CPUs: 8 total, 8 available
 Memory: 7975M
 Large Page Support: Disabled
 NUMA Support: Disabled
 Compressed Oops: Enabled (32-bit)
 Heap Region Size: 1M
 Heap Min Capacity: 8M
 Heap Initial Capacity: 126M
 Heap Max Capacity: 1994M
 Pre-touch: Disabled
 Parallel Workers: 8
 Concurrent Workers: 2
 Concurrent Refinement Workers: 8
 Periodic GC: Disabled
Heap:
 garbage-first heap   total 102400K, used 70073K [0x0000000083600000, 0x0000000100000000)
  region size 1024K, 33 young (33792K), 5 survivors (5120K)
 Metaspace       used 34477K, committed 34816K, reserved 1114112K
  class space    used 4056K, committed 4224K, reserved 1048576K
GC Heap History (20 events):
Event: 0.605 GC heap before
{Heap before GC invocations=0 (full 0):
 garbage-first heap   total 129024K, used 22528K [0x0000000083600000, 0x0000000100000000)
  region size 1024K, 23 young (23552K), 0 survivors (0K)
 Metaspace       used 5447K, committed 5632K, reserved 1114112K
  class space    used 656K, committed 768K, reserved 1048576K
}
Event: 0.609 GC heap after
{Heap after GC invocations=1 (full 0):
 garbage-first heap   total 129024K, used 3699K [0x0000000083600000, 0x0000000100000000)
  region size 1024K, 3 young (3072K), 3 survivors (3072K)
 Metaspace       used 5447K, committed 5632K, reserved 1114112K
  class space    used 656K, committed 768K, reserved 1048576K
}
Event: 1.113 GC heap before
{Heap before GC invocations=1 (full 0):
 garbage-first heap   total 129024K, used 34419K [0x0000000083600000, 0x0000000100000000)
  region size 1024K, 33 young (33792K), 3 survivors (3072K)
 Metaspace       used 9591K, committed 9792K, reserved 1114112K
  class space    used 1163K, committed 1280K, reserved 1048576K
}
Event: 1.118 GC heap after
{Heap after GC invocations=2 (full 0):
 garbage-first heap   total 129024K, used 5296K [0x0000000083600000, 0x0000000100000000)
  region size 1024K, 2 young (2048K), 2 survivors (2048K)
 Metaspace       used 9591K, committed 9792K, reserved 1114112K
  class space    used 1163K, committed 1280K, reserved 1048576K
}
Event: 2.858 GC heap before
{Heap before GC invocations=2 (full 0):
 garbage-first heap   total 129024K, used 70832K [0x0000000083600000, 0x0000000100000000)
  region size 1024K, 67 young (68608K), 2 survivors (2048K)
 Metaspace       used 21327K, committed 21504K, reserved 1114112K
  class space    used 2573K, committed 2688K, reserved 1048576K
}
Event: 2.873 GC heap after
{Heap after GC invocations=3 (full 0):
 garbage-first heap   total 129024K, used 14084K [0x0000000083600000, 0x0000000100000000)
  region size 1024K, 10 young (10240K), 10 survivors (10240K)
 Metaspace       used 21327K, committed 21504K, reserved 1114112K
  class space    used 2573K, committed 2688K, reserved 1048576K
}
Event: 4.123 GC heap before
{Heap before GC invocations=4 (full 0):
 garbage-first heap   total 51200K, used 34564K [0x0000000083600000, 0x0000000100000000)
  region size 1024K, 30 young (30720K), 10 survivors (10240K)
 Metaspace       used 23474K, committed 23680K, reserved 1114112K
  class space    used 2810K, committed 2944K, reserved 1048576K
}
Event: 4.139 GC heap after
{Heap after GC invocations=5 (full 0):
 garbage-first heap   total 51200K, used 17509K [0x0000000083600000, 0x0000000100000000)
  region size 1024K, 4 young (4096K), 4 survivors (4096K)
 Metaspace       used 23474K, committed 23680K, reserved 1114112K
  class space    used 2810K, committed 2944K, reserved 1048576K
}
Event: 4.149 GC heap before
{Heap before GC invocations=5 (full 0):
 garbage-first heap   total 51200K, used 18533K [0x0000000083600000, 0x0000000100000000)
  region size 1024K, 5 young (5120K), 4 survivors (4096K)
 Metaspace       used 23496K, committed 23744K, reserved 1114112K
  class space    used 2810K, committed 2944K, reserved 1048576K
}
Event: 4.154 GC heap after
{Heap after GC invocations=6 (full 0):
 garbage-first heap   total 51200K, used 17754K [0x0000000083600000, 0x0000000100000000)
  region size 1024K, 1 young (1024K), 1 survivors (1024K)
 Metaspace       used 23496K, committed 23744K, reserved 1114112K
  class space    used 2810K, committed 2944K, reserved 1048576K
}
Event: 4.393 GC heap before
{Heap before GC invocations=6 (full 0):
 garbage-first heap   total 51200K, used 37210K [0x0000000083600000, 0x0000000100000000)
  region size 1024K, 20 young (20480K), 1 survivors (1024K)
 Metaspace       used 23779K, committed 24000K, reserved 1114112K
  class space    used 2827K, committed 2944K, reserved 1048576K
}
Event: 4.396 GC heap after
{Heap after GC invocations=7 (full 0):
 garbage-first heap   total 51200K, used 18156K [0x0000000083600000, 0x0000000100000000)
  region size 1024K, 2 young (2048K), 2 survivors (2048K)
 Metaspace       used 23779K, committed 24000K, reserved 1114112K
  class space    used 2827K, committed 2944K, reserved 1048576K
}
Event: 4.837 GC heap before
{Heap before GC invocations=7 (full 0):
 garbage-first heap   total 51200K, used 37612K [0x0000000083600000, 0x0000000100000000)
  region size 1024K, 21 young (21504K), 2 survivors (2048K)
 Metaspace       used 25019K, committed 25280K, reserved 1114112K
  class space    used 2956K, committed 3072K, reserved 1048576K
}
Event: 4.841 GC heap after
{Heap after GC invocations=8 (full 0):
 garbage-first heap   total 51200K, used 19409K [0x0000000083600000, 0x0000000100000000)
  region size 1024K, 3 young (3072K), 3 survivors (3072K)
 Metaspace       used 25019K, committed 25280K, reserved 1114112K
  class space    used 2956K, committed 3072K, reserved 1048576K
}
Event: 5.265 GC heap before
{Heap before GC invocations=8 (full 0):
 garbage-first heap   total 51200K, used 42961K [0x0000000083600000, 0x0000000100000000)
  region size 1024K, 22 young (22528K), 3 survivors (3072K)
 Metaspace       used 27713K, committed 27968K, reserved 1114112K
  class space    used 3267K, committed 3392K, reserved 1048576K
}
Event: 5.273 GC heap after
{Heap after GC invocations=9 (full 0):
 garbage-first heap   total 51200K, used 26730K [0x0000000083600000, 0x0000000100000000)
  region size 1024K, 3 young (3072K), 3 survivors (3072K)
 Metaspace       used 27713K, committed 27968K, reserved 1114112K
  class space    used 3267K, committed 3392K, reserved 1048576K
}
Event: 5.743 GC heap before
{Heap before GC invocations=9 (full 0):
 garbage-first heap   total 51200K, used 37994K [0x0000000083600000, 0x0000000100000000)
  region size 1024K, 15 young (15360K), 3 survivors (3072K)
 Metaspace       used 33040K, committed 33344K, reserved 1114112K
  class space    used 3903K, committed 4032K, reserved 1048576K
}
Event: 5.753 GC heap after
{Heap after GC invocations=10 (full 0):
 garbage-first heap   total 102400K, used 31950K [0x0000000083600000, 0x0000000100000000)
  region size 1024K, 2 young (2048K), 2 survivors (2048K)
 Metaspace       used 33040K, committed 33344K, reserved 1114112K
  class space    used 3903K, committed 4032K, reserved 1048576K
}
Event: 6.423 GC heap before
{Heap before GC invocations=11 (full 0):
 garbage-first heap   total 102400K, used 70862K [0x0000000083600000, 0x0000000100000000)
  region size 1024K, 40 young (40960K), 2 survivors (2048K)
 Metaspace       used 34349K, committed 34688K, reserved 1114112K
  class space    used 4054K, committed 4224K, reserved 1048576K
}
Event: 6.438 GC heap after
{Heap after GC invocations=12 (full 0):
 garbage-first heap   total 102400K, used 42425K [0x0000000083600000, 0x0000000100000000)
  region size 1024K, 5 young (5120K), 5 survivors (5120K)
 Metaspace       used 34349K, committed 34688K, reserved 1114112K
  class space    used 4054K, committed 4224K, reserved 1048576K
}

